0 info it worked if it ends with ok
1 verbose cli [ '/Users/vipinjoshi/.nvm/versions/node/v4.2.2/bin/node',
1 verbose cli   '/Users/vipinjoshi/.nvm/versions/node/v4.2.2/bin/npm',
1 verbose cli   'run',
1 verbose cli   'tsc:w' ]
2 info using npm@4.0.3
3 info using node@v4.2.2
4 verbose run-script [ 'pretsc:w', 'tsc:w', 'posttsc:w' ]
5 info lifecycle Angular2@1.0.0~pretsc:w: Angular2@1.0.0
6 silly lifecycle Angular2@1.0.0~pretsc:w: no script for pretsc:w, continuing
7 info lifecycle Angular2@1.0.0~tsc:w: Angular2@1.0.0
8 verbose lifecycle Angular2@1.0.0~tsc:w: unsafe-perm in lifecycle true
9 verbose lifecycle Angular2@1.0.0~tsc:w: PATH: /Users/vipinjoshi/.nvm/versions/node/v4.2.2/lib/node_modules/npm/bin/node-gyp-bin:/Users/vipinjoshi/Documents/Github/Angular2/node_modules/.bin:/Users/vipinjoshi/.nvm/versions/node/v4.2.2/lib/node_modules/npm/bin/node-gyp-bin:/Users/vipinjoshi/Documents/Github/Angular2/node_modules/.bin:/Users/vipinjoshi/.nvm/versions/node/v4.2.2/bin:/Users/vipinjoshi/.rvm/gems/ruby-2.2.3/bin:/Users/vipinjoshi/.rvm/gems/ruby-2.2.3@global/bin:/Users/vipinjoshi/.rvm/rubies/ruby-2.2.3/bin:/Users/vipinjoshi/Documents/android-sdk/tools:/Users/vipinjoshi/Documents/android-sdk/platform-tools:/usr/local/bin:/usr/bin:/bin:/usr/sbin:/sbin:/usr/local/mysql/bin:/Users/vipinjoshi/.rvm/bin
10 verbose lifecycle Angular2@1.0.0~tsc:w: CWD: /Users/vipinjoshi/Documents/Github/Angular2
11 silly lifecycle Angular2@1.0.0~tsc:w: Args: [ '-c', 'tsc -w' ]
12 silly lifecycle Angular2@1.0.0~tsc:w: Returned: code: 1  signal: null
13 info lifecycle Angular2@1.0.0~tsc:w: Failed to exec tsc:w script
14 verbose stack Error: Angular2@1.0.0 tsc:w: `tsc -w`
14 verbose stack Exit status 1
14 verbose stack     at EventEmitter.<anonymous> (/Users/vipinjoshi/.nvm/versions/node/v4.2.2/lib/node_modules/npm/lib/utils/lifecycle.js:279:16)
14 verbose stack     at emitTwo (events.js:87:13)
14 verbose stack     at EventEmitter.emit (events.js:172:7)
14 verbose stack     at ChildProcess.<anonymous> (/Users/vipinjoshi/.nvm/versions/node/v4.2.2/lib/node_modules/npm/lib/utils/spawn.js:40:14)
14 verbose stack     at emitTwo (events.js:87:13)
14 verbose stack     at ChildProcess.emit (events.js:172:7)
14 verbose stack     at maybeClose (internal/child_process.js:818:16)
14 verbose stack     at Process.ChildProcess._handle.onexit (internal/child_process.js:211:5)
15 verbose pkgid Angular2@1.0.0
16 verbose cwd /Users/vipinjoshi/Documents/Github/Angular2
17 error Darwin 15.0.0
18 error argv "/Users/vipinjoshi/.nvm/versions/node/v4.2.2/bin/node" "/Users/vipinjoshi/.nvm/versions/node/v4.2.2/bin/npm" "run" "tsc:w"
19 error node v4.2.2
20 error npm  v4.0.3
21 error code ELIFECYCLE
22 error Angular2@1.0.0 tsc:w: `tsc -w`
22 error Exit status 1
23 error Failed at the Angular2@1.0.0 tsc:w script 'tsc -w'.
23 error Make sure you have the latest version of node.js and npm installed.
23 error If you do, this is most likely a problem with the Angular2 package,
23 error not with npm itself.
23 error Tell the author that this fails on your system:
23 error     tsc -w
23 error You can get information on how to open an issue for this project with:
23 error     npm bugs Angular2
23 error Or if that isn't available, you can get their info via:
23 error     npm owner ls Angular2
23 error There is likely additional logging output above.
24 verbose exit [ 1, true ]
